Dashboard_app/build/app/intermediates/manifest_merge_blame_file/release/manifest-merger-blame-release-report.txt
1<?xml version="1.0" encoding="utf-8"?>
2<manifest xmlns:android="http://schemas.android.com/apk/res/android"
3    package="com.example.flutterapp"
4    android:versionCode="1"
5    android:versionName="1.0.0" >
6
7    <uses-sdk
8        android:minSdkVersion="16"
8-->src/main/AndroidManifest.xml
9        android:targetSdkVersion="29" />
9-->src/main/AndroidManifest.xml
10
11    <uses-permission android:name="android.permission.ACCESS_NETWORK_STATE" />
11-->[com.google.firebase:firebase-iid:20.3.0] AndroidManifest.xml:22:5-79
11-->[com.google.firebase:firebase-iid:20.3.0] AndroidManifest.xml:22:22-76
12    <uses-permission android:name="android.permission.INTERNET" />
12-->[com.google.firebase:firebase-iid:20.3.0] AndroidManifest.xml:23:5-67
12-->[com.google.firebase:firebase-iid:20.3.0] AndroidManifest.xml:23:22-64
13    <uses-permission android:name="android.permission.WAKE_LOCK" /> <!-- Required by older versions of Google Play services to create IID tokens -->
13-->[com.google.firebase:firebase-iid:20.3.0] AndroidManifest.xml:24:5-68
13-->[com.google.firebase:firebase-iid:20.3.0] AndroidManifest.xml:24:22-65
14    <uses-permission android:name="com.google.android.c2dm.permission.RECEIVE" />
14-->[com.google.firebase:firebase-iid:20.3.0] AndroidManifest.xml:26:5-82
14-->[com.google.firebase:firebase-iid:20.3.0] AndroidManifest.xml:26:22-79
15    <uses-permission android:name="com.google.android.finsky.permission.BIND_GET_INSTALL_REFERRER_SERVICE" />
15-->[com.google.android.gms:play-services-measurement:17.6.0] AndroidManifest.xml:26:5-110
15-->[com.google.android.gms:play-services-measurement:17.6.0] AndroidManifest.xml:26:22-107
16
17    <application
17-->src/main/AndroidManifest.xml:3:4-44:19
18        android:appComponentFactory="androidx.core.app.CoreComponentFactory"
18-->[androidx.core:core:1.1.0] AndroidManifest.xml:24:18-86
19        android:icon="@drawable/abc"
19-->src/main/AndroidManifest.xml:5:9-37
20        android:label="dashboard_app" >
20-->src/main/AndroidManifest.xml:4:9-36
21        <activity
21-->src/main/AndroidManifest.xml:6:9-38:20
22            android:name="com.example.dashboard_app.MainActivity"
22-->src/main/AndroidManifest.xml:7:13-41
23            android:configChanges="orientation|keyboardHidden|keyboard|screenSize|smallestScreenSize|locale|layoutDirection|fontScale|screenLayout|density|uiMode"
23-->src/main/AndroidManifest.xml:10:13-163
24            android:hardwareAccelerated="true"
24-->src/main/AndroidManifest.xml:11:13-47
25            android:launchMode="singleTop"
25-->src/main/AndroidManifest.xml:8:13-43
26            android:theme="@style/LaunchTheme"
26-->src/main/AndroidManifest.xml:9:13-47
27            android:windowSoftInputMode="adjustResize" >
27-->src/main/AndroidManifest.xml:12:13-55
28
29            <!--
30                 Specifies an Android theme to apply to this Activity as soon as
31                 the Android process has started. This theme is visible to the user
32                 while the Flutter UI initializes. After that, this theme continues
33                 to determine the Window background behind the Flutter UI.
34            -->
35            <meta-data
35-->src/main/AndroidManifest.xml:17:13-20:17
36                android:name="io.flutter.embedding.android.NormalTheme"
36-->src/main/AndroidManifest.xml:18:15-70
37                android:resource="@style/NormalTheme" />
37-->src/main/AndroidManifest.xml:19:15-52
38            <!--
39                 Displays an Android View that continues showing the launch screen
40                 Drawable until Flutter paints its first frame, then this splash
41                 screen fades out. A splash screen is useful to avoid any visual
42                 gap between the end of Android's launch screen and the painting of
43                 Flutter's first frame.
44            -->
45            <meta-data
45-->src/main/AndroidManifest.xml:26:13-29:17
46                android:name="io.flutter.embedding.android.SplashScreenDrawable"
46-->src/main/AndroidManifest.xml:27:15-79
47                android:resource="@drawable/launch_background" />
47-->src/main/AndroidManifest.xml:28:15-61
48
49            <intent-filter>
49-->src/main/AndroidManifest.xml:30:13-33:29
50                <action android:name="android.intent.action.MAIN" />
50-->src/main/AndroidManifest.xml:31:17-68
50-->src/main/AndroidManifest.xml:31:25-66
51
52                <category android:name="android.intent.category.LAUNCHER" />
52-->src/main/AndroidManifest.xml:32:17-76
52-->src/main/AndroidManifest.xml:32:27-74
53            </intent-filter>
54            <intent-filter>
54-->src/main/AndroidManifest.xml:34:13-37:29
55                <action android:name="FLUTTER_NOTIFICATION_CLICK" />
55-->src/main/AndroidManifest.xml:35:17-68
55-->src/main/AndroidManifest.xml:35:25-66
56
57                <category android:name="android.intent.category.DEFAULT" />
57-->src/main/AndroidManifest.xml:36:17-75
57-->src/main/AndroidManifest.xml:36:27-73
58            </intent-filter>
59        </activity>
60        <!--
61             Don't delete the meta-data below.
62             This is used by the Flutter tool to generate GeneratedPluginRegistrant.java
63        -->
64        <meta-data
64-->src/main/AndroidManifest.xml:41:9-43:33
65            android:name="flutterEmbedding"
65-->src/main/AndroidManifest.xml:42:13-44
66            android:value="2" />
66-->src/main/AndroidManifest.xml:43:13-30
67
68        <service android:name="io.flutter.plugins.firebasemessaging.FlutterFirebaseMessagingService" >
68-->[:firebase_messaging] AndroidManifest.xml:8:9-12:19
68-->[:firebase_messaging] AndroidManifest.xml:8:18-101
69            <intent-filter>
69-->[:firebase_messaging] AndroidManifest.xml:9:13-11:29
70                <action android:name="com.google.firebase.MESSAGING_EVENT" />
70-->[:firebase_messaging] AndroidManifest.xml:10:17-78
70-->[:firebase_messaging] AndroidManifest.xml:10:25-75
71            </intent-filter>
72        </service>
73        <service
73-->[:firebase_messaging] AndroidManifest.xml:13:9-17:19
74            android:name="com.google.firebase.components.ComponentDiscoveryService"
74-->[:firebase_messaging] AndroidManifest.xml:13:18-89
75            android:directBootAware="true"
75-->[com.google.firebase:firebase-common:19.3.0] AndroidManifest.xml:34:13-43
76            android:exported="false" >
76-->[com.google.firebase:firebase-messaging:20.3.0] AndroidManifest.xml:38:13-37
77            <meta-data
77-->[:firebase_messaging] AndroidManifest.xml:14:13-16:85
78                android:name="com.google.firebase.components:io.flutter.plugins.firebasemessaging.FlutterFirebaseAppRegistrar"
78-->[:firebase_messaging] AndroidManifest.xml:15:17-127
79                android:value="com.google.firebase.components.ComponentRegistrar" />
79-->[:firebase_messaging] AndroidManifest.xml:16:17-82
80            <meta-data
80-->[:firebase_core] AndroidManifest.xml:9:13-11:85
81                android:name="com.google.firebase.components:io.flutter.plugins.firebase.core.FlutterFirebaseCoreRegistrar"
81-->[:firebase_core] AndroidManifest.xml:10:17-124
82                android:value="com.google.firebase.components.ComponentRegistrar" />
82-->[:firebase_core] AndroidManifest.xml:11:17-82
83            <meta-data
83-->[com.google.firebase:firebase-messaging:20.3.0] AndroidManifest.xml:39:13-41:85
84                android:name="com.google.firebase.components:com.google.firebase.messaging.FirebaseMessagingRegistrar"
84-->[com.google.firebase:firebase-messaging:20.3.0] AndroidManifest.xml:40:17-119
85                android:value="com.google.firebase.components.ComponentRegistrar" />
85-->[com.google.firebase:firebase-messaging:20.3.0] AndroidManifest.xml:41:17-82
86            <meta-data
86-->[com.google.firebase:firebase-iid:20.3.0] AndroidManifest.xml:32:13-34:85
87                android:name="com.google.firebase.components:com.google.firebase.iid.Registrar"
87-->[com.google.firebase:firebase-iid:20.3.0] AndroidManifest.xml:33:17-96
88                android:value="com.google.firebase.components.ComponentRegistrar" />
88-->[com.google.firebase:firebase-iid:20.3.0] AndroidManifest.xml:34:17-82
89            <meta-data
89-->[com.google.android.gms:play-services-measurement-api:17.6.0] AndroidManifest.xml:30:13-32:85
90                android:name="com.google.firebase.components:com.google.firebase.analytics.connector.internal.AnalyticsConnectorRegistrar"
90-->[com.google.android.gms:play-services-measurement-api:17.6.0] AndroidManifest.xml:31:17-139
91                android:value="com.google.firebase.components.ComponentRegistrar" />
91-->[com.google.android.gms:play-services-measurement-api:17.6.0] AndroidManifest.xml:32:17-82
92            <meta-data
92-->[com.google.firebase:firebase-datatransport:17.0.3] AndroidManifest.xml:28:13-30:85
93                android:name="com.google.firebase.components:com.google.firebase.datatransport.TransportRegistrar"
93-->[com.google.firebase:firebase-datatransport:17.0.3] AndroidManifest.xml:29:17-115
94                android:value="com.google.firebase.components.ComponentRegistrar" />
94-->[com.google.firebase:firebase-datatransport:17.0.3] AndroidManifest.xml:30:17-82
95            <meta-data
95-->[com.google.firebase:firebase-installations:16.3.3] AndroidManifest.xml:17:13-19:85
96                android:name="com.google.firebase.components:com.google.firebase.installations.FirebaseInstallationsRegistrar"
96-->[com.google.firebase:firebase-installations:16.3.3] AndroidManifest.xml:18:17-127
97                android:value="com.google.firebase.components.ComponentRegistrar" />
97-->[com.google.firebase:firebase-installations:16.3.3] AndroidManifest.xml:19:17-82
98        </service>
99        <!--
100             FirebaseMessagingService performs security checks at runtime,
101             but set to not exported to explicitly avoid allowing another app to call it.
102        -->
103        <service
103-->[com.google.firebase:firebase-messaging:20.3.0] AndroidManifest.xml:28:9-35:19
104            android:name="com.google.firebase.messaging.FirebaseMessagingService"
104-->[com.google.firebase:firebase-messaging:20.3.0] AndroidManifest.xml:29:13-82
105            android:directBootAware="true"
105-->[com.google.firebase:firebase-messaging:20.3.0] AndroidManifest.xml:30:13-43
106            android:exported="false" >
106-->[com.google.firebase:firebase-messaging:20.3.0] AndroidManifest.xml:31:13-37
107            <intent-filter android:priority="-500" >
107-->[:firebase_messaging] AndroidManifest.xml:9:13-11:29
108                <action android:name="com.google.firebase.MESSAGING_EVENT" />
108-->[:firebase_messaging] AndroidManifest.xml:10:17-78
108-->[:firebase_messaging] AndroidManifest.xml:10:25-75
109            </intent-filter>
110        </service>
111
112        <receiver
112-->[com.google.firebase:firebase-iid:20.3.0] AndroidManifest.xml:37:9-44:20
113            android:name="com.google.firebase.iid.FirebaseInstanceIdReceiver"
113-->[com.google.firebase:firebase-iid:20.3.0] AndroidManifest.xml:38:13-78
114            android:exported="true"
114-->[com.google.firebase:firebase-iid:20.3.0] AndroidManifest.xml:39:13-36
115            android:permission="com.google.android.c2dm.permission.SEND" >
115-->[com.google.firebase:firebase-iid:20.3.0] AndroidManifest.xml:40:13-73
116            <intent-filter>
116-->[com.google.firebase:firebase-iid:20.3.0] AndroidManifest.xml:41:13-43:29
117                <action android:name="com.google.android.c2dm.intent.RECEIVE" />
117-->[com.google.firebase:firebase-iid:20.3.0] AndroidManifest.xml:42:17-81
117-->[com.google.firebase:firebase-iid:20.3.0] AndroidManifest.xml:42:25-78
118            </intent-filter>
119        </receiver>
120        <receiver
120-->[com.google.android.gms:play-services-measurement:17.6.0] AndroidManifest.xml:29:9-33:20
121            android:name="com.google.android.gms.measurement.AppMeasurementReceiver"
121-->[com.google.android.gms:play-services-measurement:17.6.0] AndroidManifest.xml:30:13-85
122            android:enabled="true"
122-->[com.google.android.gms:play-services-measurement:17.6.0] AndroidManifest.xml:31:13-35
123            android:exported="false" >
123-->[com.google.android.gms:play-services-measurement:17.6.0] AndroidManifest.xml:32:13-37
124        </receiver>
125
126        <service
126-->[com.google.android.gms:play-services-measurement:17.6.0] AndroidManifest.xml:35:9-38:40
127            android:name="com.google.android.gms.measurement.AppMeasurementService"
127-->[com.google.android.gms:play-services-measurement:17.6.0] AndroidManifest.xml:36:13-84
128            android:enabled="true"
128-->[com.google.android.gms:play-services-measurement:17.6.0] AndroidManifest.xml:37:13-35
129            android:exported="false" />
129-->[com.google.android.gms:play-services-measurement:17.6.0] AndroidManifest.xml:38:13-37
130        <service
130-->[com.google.android.gms:play-services-measurement:17.6.0] AndroidManifest.xml:39:9-43:72
131            android:name="com.google.android.gms.measurement.AppMeasurementJobService"
131-->[com.google.android.gms:play-services-measurement:17.6.0] AndroidManifest.xml:40:13-87
132            android:enabled="true"
132-->[com.google.android.gms:play-services-measurement:17.6.0] AndroidManifest.xml:41:13-35
133            android:exported="false"
133-->[com.google.android.gms:play-services-measurement:17.6.0] AndroidManifest.xml:42:13-37
134            android:permission="android.permission.BIND_JOB_SERVICE" />
134-->[com.google.android.gms:play-services-measurement:17.6.0] AndroidManifest.xml:43:13-69
135
136        <provider
136-->[com.google.firebase:firebase-common:19.3.0] AndroidManifest.xml:26:9-30:39
137            android:name="com.google.firebase.provider.FirebaseInitProvider"
137-->[com.google.firebase:firebase-common:19.3.0] AndroidManifest.xml:27:13-77
138            android:authorities="com.example.flutterapp.firebaseinitprovider"
138-->[com.google.firebase:firebase-common:19.3.0] AndroidManifest.xml:28:13-72
139            android:exported="false"
139-->[com.google.firebase:firebase-common:19.3.0] AndroidManifest.xml:29:13-37
140            android:initOrder="100" />
140-->[com.google.firebase:firebase-common:19.3.0] AndroidManifest.xml:30:13-36
141
142        <activity
142-->[com.google.android.gms:play-services-base:17.0.0] AndroidManifest.xml:23:9-26:75
143            android:name="com.google.android.gms.common.api.GoogleApiActivity"
143-->[com.google.android.gms:play-services-base:17.0.0] AndroidManifest.xml:24:13-79
144            android:exported="false"
144-->[com.google.android.gms:play-services-base:17.0.0] AndroidManifest.xml:25:13-37
145            android:theme="@android:style/Theme.Translucent.NoTitleBar" />
145-->[com.google.android.gms:play-services-base:17.0.0] AndroidManifest.xml:26:13-72
146
147        <meta-data
147-->[com.google.android.gms:play-services-basement:17.0.0] AndroidManifest.xml:23:9-25:69
148            android:name="com.google.android.gms.version"
148-->[com.google.android.gms:play-services-basement:17.0.0] AndroidManifest.xml:24:13-58
149            android:value="@integer/google_play_services_version" />
149-->[com.google.android.gms:play-services-basement:17.0.0] AndroidManifest.xml:25:13-66
150
151        <service
151-->[com.google.android.datatransport:transport-backend-cct:2.2.0] AndroidManifest.xml:29:9-35:19
152            android:name="com.google.android.datatransport.runtime.backends.TransportBackendDiscovery"
152-->[com.google.android.datatransport:transport-backend-cct:2.2.0] AndroidManifest.xml:30:13-103
153            android:exported="false" >
153-->[com.google.android.datatransport:transport-backend-cct:2.2.0] AndroidManifest.xml:31:13-37
154            <meta-data
154-->[com.google.android.datatransport:transport-backend-cct:2.2.0] AndroidManifest.xml:32:13-34:39
155                android:name="backend:com.google.android.datatransport.cct.CctBackendFactory"
155-->[com.google.android.datatransport:transport-backend-cct:2.2.0] AndroidManifest.xml:33:17-94
156                android:value="cct" />
156-->[com.google.android.datatransport:transport-backend-cct:2.2.0] AndroidManifest.xml:34:17-36
157        </service>
158        <service
158-->[com.google.android.datatransport:transport-runtime:2.2.0] AndroidManifest.xml:26:9-30:19
159            android:name="com.google.android.datatransport.runtime.scheduling.jobscheduling.JobInfoSchedulerService"
159-->[com.google.android.datatransport:transport-runtime:2.2.0] AndroidManifest.xml:27:13-117
160            android:exported="false"
160-->[com.google.android.datatransport:transport-runtime:2.2.0] AndroidManifest.xml:28:13-37
161            android:permission="android.permission.BIND_JOB_SERVICE" >
161-->[com.google.android.datatransport:transport-runtime:2.2.0] AndroidManifest.xml:29:13-69
162        </service>
163
164        <receiver
164-->[com.google.android.datatransport:transport-runtime:2.2.0] AndroidManifest.xml:32:9-34:40
165            android:name="com.google.android.datatransport.runtime.scheduling.jobscheduling.AlarmManagerSchedulerBroadcastReceiver"
165-->[com.google.android.datatransport:transport-runtime:2.2.0] AndroidManifest.xml:33:13-132
166            android:exported="false" />
166-->[com.google.android.datatransport:transport-runtime:2.2.0] AndroidManifest.xml:34:13-37
167    </application>
168
169</manifest>